<?xml version="1.0" encoding="UTF-8"?>
<!-- Generated by org.testng.reporters.JUnitXMLReporter -->
<testsuite ignored="5" hostname="DESKTOP-332RHEK" failures="0" tests="2" name="Default test" time="11.388" errors="0" timestamp="2023-12-11T16:20:09 GST">
  <testcase classname="Almosaferweb.Mycasess" name="CheckTheDepatureAndArriveDate" time="0.115"/>
  <testcase classname="Almosaferweb.Mycasess" name="changeTheLanguageOfTheWebsiteRandomly" time="5.51"/>
  <testcase classname="Almosaferweb.Mycasess" name="HotelTableNotSelectorTest" time="0.0">
    <ignored/>
  </testcase> <!-- HotelTableNotSelectorTest -->
  <testcase classname="Almosaferweb.Mycasess" name="CheckTheLanguage" time="0.0">
    <ignored/>
  </testcase> <!-- CheckTheLanguage -->
  <testcase classname="Almosaferweb.Mycasess" name="checkQitafflogo" time="0.0">
    <ignored/>
  </testcase> <!-- checkQitafflogo -->
  <testcase classname="Almosaferweb.Mycasess" name="checkContactNumber" time="0.0">
    <ignored/>
  </testcase> <!-- checkContactNumber -->
  <testcase classname="Almosaferweb.Mycasess" name="checkTheCurrency" time="0.0">
    <ignored/>
  </testcase> <!-- checkTheCurrency -->
</testsuite> <!-- Default test -->
