<?xml version="1.0" encoding="UTF-8"?>
<testng-results ignored="5" total="7" passed="2" failed="0" skipped="0">
  <reporter-output>
  </reporter-output>
  <suite started-at="2023-12-11T16:19:58 GST" name="Default suite" finished-at="2023-12-11T16:20:09 GST" duration-ms="11388">
    <groups>
    </groups>
    <test started-at="2023-12-11T16:19:58 GST" name="Default test" finished-at="2023-12-11T16:20:09 GST" duration-ms="11388">
      <class name="Almosaferweb.Mycasess">
        <test-method is-config="true" signature="SetUp()[pri:0, instance:Almosaferweb.Mycasess@677dbd89]" started-at="2023-12-11T16:19:58 GST" name="SetUp" finished-at="2023-12-11T16:20:03 GST" duration-ms="5737" status="PASS">
          <reporter-output>
          </reporter-output>
        </test-method> <!-- SetUp -->
        <test-method signature="CheckTheDepatureAndArriveDate()[pri:0, instance:Almosaferweb.Mycasess@677dbd89]" started-at="2023-12-11T16:20:04 GST" name="CheckTheDepatureAndArriveDate" finished-at="2023-12-11T16:20:04 GST" duration-ms="115" status="PASS">
          <reporter-output>
          </reporter-output>
        </test-method> <!-- CheckTheDepatureAndArriveDate -->
        <test-method signature="changeTheLanguageOfTheWebsiteRandomly()[pri:0, instance:Almosaferweb.Mycasess@677dbd89]" started-at="2023-12-11T16:20:04 GST" name="changeTheLanguageOfTheWebsiteRandomly" finished-at="2023-12-11T16:20:09 GST" duration-ms="5510" status="PASS">
          <reporter-output>
          </reporter-output>
        </test-method> <!-- changeTheLanguageOfTheWebsiteRandomly -->
        <test-method is-config="true" signature="myAfterTest()[pri:0, instance:Almosaferweb.Mycasess@677dbd89]" started-at="2023-12-11T16:20:09 GST" name="myAfterTest" finished-at="2023-12-11T16:20:09 GST" duration-ms="0" status="PASS">
          <reporter-output>
          </reporter-output>
        </test-method> <!-- myAfterTest -->
      </class> <!-- Almosaferweb.Mycasess -->
    </test> <!-- Default test -->
  </suite> <!-- Default suite -->
</testng-results>
